<?xml version="1.0" encoding="UTF-8"?>
<!-- Generated by org.testng.reporters.JUnitReportReporter -->
<testsuite hostname="DESKTOP-H369NVH" failures="0" tests="1" name="testCases.Test_Pending_Leave_Request" time="4.400" errors="0" timestamp="2021-10-29T17:53:06 IST" skipped="0">
  <testcase classname="testCases.Test_Pending_Leave_Request" name="verifyPendingLeaveRequests" time="4.400"/>
  <system-out/>
</testsuite> <!-- testCases.Test_Pending_Leave_Request -->
