<?xml version="1.0" encoding="UTF-8"?>
<!-- Generated by org.testng.reporters.JUnitReportReporter -->
<testsuite hostname="DESKTOP-H369NVH" failures="0" tests="1" name="testCases.Test_Pending_Leave_Request" time="5.318" errors="0" timestamp="2022-03-11T19:31:22 IST" skipped="0">
  <testcase classname="testCases.Test_Pending_Leave_Request" name="verifyPendingLeaveRequests" time="5.318"/>
  <system-out/>
</testsuite> <!-- testCases.Test_Pending_Leave_Request -->
