<?xml version="1.0" encoding="UTF-8"?>
<!-- Generated by org.testng.reporters.JUnitReportReporter -->
<testsuite hostname="DESKTOP-H369NVH" failures="0" tests="1" name="testCases.Test_User_Role" time="3.803" errors="0" timestamp="2022-03-11T19:31:22 IST" skipped="0">
  <testcase classname="testCases.Test_User_Role" name="checkUserRole" time="3.803"/>
  <system-out/>
</testsuite> <!-- testCases.Test_User_Role -->
